app/build/intermediates/manifest_merge_blame_file/myketRelease/processMyketReleaseMainManifest/manifest-merger-blame-myket-release-report.txt
1<?xml version="1.0" encoding="utf-8"?>
2<manifest xmlns:android="http://schemas.android.com/apk/res/android"
3    package="com.m3.rahmani.studywithme"
4    android:versionCode="9"
5    android:versionName="1.1.1" >
6
7    <uses-sdk
8        android:minSdkVersion="24"
9        android:targetSdkVersion="34" />
10
11    <uses-permission android:name="android.permission.INTERNET" />
11-->src/main/AndroidManifest.xml:6:5-67
11-->src/main/AndroidManifest.xml:6:22-64
12    <uses-permission android:name="android.permission.POST_NOTIFICATIONS" />
12-->src/main/AndroidManifest.xml:7:5-77
12-->src/main/AndroidManifest.xml:7:22-74
13    <uses-permission android:name="android.permission.FOREGROUND_SERVICE" />
13-->src/main/AndroidManifest.xml:8:5-77
13-->src/main/AndroidManifest.xml:8:22-74
14    <uses-permission android:name="ir.mservices.market.BILLING" />
14-->src/main/AndroidManifest.xml:9:5-67
14-->src/main/AndroidManifest.xml:9:22-64
15
16    <permission
16-->[androidx.core:core:1.13.1] AndroidManifest.xml:22:5-24:47
17        android:name="com.m3.rahmani.studywithme.DYNAMIC_RECEIVER_NOT_EXPORTED_PERMISSION"
17-->[androidx.core:core:1.13.1] AndroidManifest.xml:23:9-81
18        android:protectionLevel="signature" />
18-->[androidx.core:core:1.13.1] AndroidManifest.xml:24:9-44
19
20    <uses-permission android:name="com.m3.rahmani.studywithme.DYNAMIC_RECEIVER_NOT_EXPORTED_PERMISSION" />
20-->[androidx.core:core:1.13.1] AndroidManifest.xml:26:5-97
20-->[androidx.core:core:1.13.1] AndroidManifest.xml:26:22-94
21    <uses-permission android:name="android.permission.ACCESS_NETWORK_STATE" />
21-->[com.bugsnag:bugsnag-android-core:6.5.0] AndroidManifest.xml:9:5-79
21-->[com.bugsnag:bugsnag-android-core:6.5.0] AndroidManifest.xml:9:22-76
22
23    <queries>
23-->[com.github.myketstore:myket-billing-client:1.7] AndroidManifest.xml:11:5-19:15
24        <package android:name="ir.mservices.market" />
24-->[com.github.myketstore:myket-billing-client:1.7] AndroidManifest.xml:12:9-58
24-->[com.github.myketstore:myket-billing-client:1.7] AndroidManifest.xml:12:18-55
25
26        <intent>
26-->[com.github.myketstore:myket-billing-client:1.7] AndroidManifest.xml:14:9-18:18
27            <action android:name="ir.mservices.market.InAppBillingService.BIND" />
27-->[com.github.myketstore:myket-billing-client:1.7] AndroidManifest.xml:15:13-59
27-->[com.github.myketstore:myket-billing-client:1.7] AndroidManifest.xml:15:21-56
28
29            <data android:mimeType="*/*" />
29-->[com.github.myketstore:myket-billing-client:1.7] AndroidManifest.xml:17:13-44
29-->[com.github.myketstore:myket-billing-client:1.7] AndroidManifest.xml:17:19-41
30        </intent>
31    </queries>
32
33    <application
33-->src/main/AndroidManifest.xml:11:5-58:19
34        android:name="ir.m3.rahmani.studywithme.StudyWithMeApplication"
34-->src/main/AndroidManifest.xml:12:9-47
35        android:allowBackup="true"
35-->src/main/AndroidManifest.xml:13:9-35
36        android:appComponentFactory="androidx.core.app.CoreComponentFactory"
36-->[androidx.core:core:1.13.1] AndroidManifest.xml:28:18-86
37        android:dataExtractionRules="@xml/data_extraction_rules"
37-->src/main/AndroidManifest.xml:14:9-65
38        android:extractNativeLibs="false"
39        android:fullBackupContent="@xml/backup_rules"
39-->src/main/AndroidManifest.xml:15:9-54
40        android:icon="@mipmap/ic_launcher_app_logo"
40-->src/main/AndroidManifest.xml:16:9-52
41        android:label="@string/app_name"
41-->src/main/AndroidManifest.xml:17:9-41
42        android:networkSecurityConfig="@xml/network_security_config"
42-->src/main/AndroidManifest.xml:18:9-69
43        android:roundIcon="@mipmap/ic_launcher_app_logo"
43-->src/main/AndroidManifest.xml:19:9-57
44        android:supportsRtl="true"
44-->src/main/AndroidManifest.xml:20:9-35
45        android:theme="@style/Theme.StudyWithMe" >
45-->src/main/AndroidManifest.xml:21:9-49
46        <meta-data
46-->src/main/AndroidManifest.xml:24:9-25:63
47            android:name="com.bugsnag.android.API_KEY"
47-->src/main/AndroidManifest.xml:24:20-62
48            android:value="370a71455e49ab7ea7c6f24d43a1e20f" />
48-->src/main/AndroidManifest.xml:25:13-61
49
50        <activity
50-->src/main/AndroidManifest.xml:27:9-29:40
51            android:name="ir.m3.rahmani.studywithme.donate.DonateActivity"
51-->src/main/AndroidManifest.xml:28:13-50
52            android:exported="false" />
52-->src/main/AndroidManifest.xml:29:13-37
53
54        <service
54-->src/main/AndroidManifest.xml:31:9-35:60
55            android:name="ir.m3.rahmani.studywithme.PomodoroTimerService"
55-->src/main/AndroidManifest.xml:32:13-49
56            android:enabled="true"
56-->src/main/AndroidManifest.xml:33:13-35
57            android:exported="true"
57-->src/main/AndroidManifest.xml:34:13-36
58            android:foregroundServiceType="shortService" />
58-->src/main/AndroidManifest.xml:35:13-57
59
60        <activity
60-->src/main/AndroidManifest.xml:37:9-39:40
61            android:name="ir.m3.rahmani.studywithme.home.HomeActivity"
61-->src/main/AndroidManifest.xml:38:13-46
62            android:exported="false" />
62-->src/main/AndroidManifest.xml:39:13-37
63        <activity
63-->src/main/AndroidManifest.xml:40:9-42:40
64            android:name="ir.m3.rahmani.studywithme.login.register.RegisterActivity"
64-->src/main/AndroidManifest.xml:41:13-60
65            android:exported="false" />
65-->src/main/AndroidManifest.xml:42:13-37
66        <activity
66-->src/main/AndroidManifest.xml:43:9-45:40
67            android:name="ir.m3.rahmani.studywithme.login.signin.SigninActivity"
67-->src/main/AndroidManifest.xml:44:13-56
68            android:exported="false" />
68-->src/main/AndroidManifest.xml:45:13-37
69        <activity
69-->src/main/AndroidManifest.xml:46:9-48:40
70            android:name="ir.m3.rahmani.studywithme.login.onboarding.OnboardingActivity"
70-->src/main/AndroidManifest.xml:47:13-64
71            android:exported="false" />
71-->src/main/AndroidManifest.xml:48:13-37
72        <activity
72-->src/main/AndroidManifest.xml:49:9-57:20
73            android:name="ir.m3.rahmani.studywithme.main.MainActivity"
73-->src/main/AndroidManifest.xml:50:13-46
74            android:exported="true" >
74-->src/main/AndroidManifest.xml:51:13-36
75            <intent-filter>
75-->src/main/AndroidManifest.xml:52:13-56:29
76                <action android:name="android.intent.action.MAIN" />
76-->src/main/AndroidManifest.xml:53:17-69
76-->src/main/AndroidManifest.xml:53:25-66
77
78                <category android:name="android.intent.category.LAUNCHER" />
78-->src/main/AndroidManifest.xml:55:17-77
78-->src/main/AndroidManifest.xml:55:27-74
79            </intent-filter>
80        </activity>
81
82        <provider
82-->[androidx.emoji2:emoji2:1.3.0] AndroidManifest.xml:24:9-32:20
83            android:name="androidx.startup.InitializationProvider"
83-->[androidx.emoji2:emoji2:1.3.0] AndroidManifest.xml:25:13-67
84            android:authorities="com.m3.rahmani.studywithme.androidx-startup"
84-->[androidx.emoji2:emoji2:1.3.0] AndroidManifest.xml:26:13-68
85            android:exported="false" >
85-->[androidx.emoji2:emoji2:1.3.0] AndroidManifest.xml:27:13-37
86            <meta-data
86-->[androidx.emoji2:emoji2:1.3.0] AndroidManifest.xml:29:13-31:52
87                android:name="androidx.emoji2.text.EmojiCompatInitializer"
87-->[androidx.emoji2:emoji2:1.3.0] AndroidManifest.xml:30:17-75
88                android:value="androidx.startup" />
88-->[androidx.emoji2:emoji2:1.3.0] AndroidManifest.xml:31:17-49
89            <meta-data
89-->[androidx.lifecycle:lifecycle-process:2.6.2] AndroidManifest.xml:29:13-31:52
90                android:name="androidx.lifecycle.ProcessLifecycleInitializer"
90-->[androidx.lifecycle:lifecycle-process:2.6.2] AndroidManifest.xml:30:17-78
91                android:value="androidx.startup" />
91-->[androidx.lifecycle:lifecycle-process:2.6.2] AndroidManifest.xml:31:17-49
92            <meta-data
92-->[androidx.profileinstaller:profileinstaller:1.3.1] AndroidManifest.xml:29:13-31:52
93                android:name="androidx.profileinstaller.ProfileInstallerInitializer"
93-->[androidx.profileinstaller:profileinstaller:1.3.1] AndroidManifest.xml:30:17-85
94                android:value="androidx.startup" />
94-->[androidx.profileinstaller:profileinstaller:1.3.1] AndroidManifest.xml:31:17-49
95        </provider>
96        <provider
96-->[com.bugsnag:bugsnag-android-core:6.5.0] AndroidManifest.xml:12:9-16:40
97            android:name="com.bugsnag.android.internal.BugsnagContentProvider"
97-->[com.bugsnag:bugsnag-android-core:6.5.0] AndroidManifest.xml:13:13-79
98            android:authorities="com.m3.rahmani.studywithme.bugsnag-startup"
98-->[com.bugsnag:bugsnag-android-core:6.5.0] AndroidManifest.xml:14:13-67
99            android:exported="false"
99-->[com.bugsnag:bugsnag-android-core:6.5.0] AndroidManifest.xml:15:13-37
100            android:initOrder="9000" />
100-->[com.bugsnag:bugsnag-android-core:6.5.0] AndroidManifest.xml:16:13-37
101
102        <service
102-->[androidx.room:room-runtime:2.6.1] AndroidManifest.xml:24:9-28:63
103            android:name="androidx.room.MultiInstanceInvalidationService"
103-->[androidx.room:room-runtime:2.6.1] AndroidManifest.xml:25:13-74
104            android:directBootAware="true"
104-->[androidx.room:room-runtime:2.6.1] AndroidManifest.xml:26:13-43
105            android:exported="false" />
105-->[androidx.room:room-runtime:2.6.1] AndroidManifest.xml:27:13-37
106
107        <receiver
107-->[androidx.profileinstaller:profileinstaller:1.3.1] AndroidManifest.xml:34:9-52:20
108            android:name="androidx.profileinstaller.ProfileInstallReceiver"
108-->[androidx.profileinstaller:profileinstaller:1.3.1] AndroidManifest.xml:35:13-76
109            android:directBootAware="false"
109-->[androidx.profileinstaller:profileinstaller:1.3.1] AndroidManifest.xml:36:13-44
110            android:enabled="true"
110-->[androidx.profileinstaller:profileinstaller:1.3.1] AndroidManifest.xml:37:13-35
111            android:exported="true"
111-->[androidx.profileinstaller:profileinstaller:1.3.1] AndroidManifest.xml:38:13-36
112            android:permission="android.permission.DUMP" >
112-->[androidx.profileinstaller:profileinstaller:1.3.1] AndroidManifest.xml:39:13-57
113            <intent-filter>
113-->[androidx.profileinstaller:profileinstaller:1.3.1] AndroidManifest.xml:40:13-42:29
114                <action android:name="androidx.profileinstaller.action.INSTALL_PROFILE" />
114-->[androidx.profileinstaller:profileinstaller:1.3.1] AndroidManifest.xml:41:17-91
114-->[androidx.profileinstaller:profileinstaller:1.3.1] AndroidManifest.xml:41:25-88
115            </intent-filter>
116            <intent-filter>
116-->[androidx.profileinstaller:profileinstaller:1.3.1] AndroidManifest.xml:43:13-45:29
117                <action android:name="androidx.profileinstaller.action.SKIP_FILE" />
117-->[androidx.profileinstaller:profileinstaller:1.3.1] AndroidManifest.xml:44:17-85
117-->[androidx.profileinstaller:profileinstaller:1.3.1] AndroidManifest.xml:44:25-82
118            </intent-filter>
119            <intent-filter>
119-->[androidx.profileinstaller:profileinstaller:1.3.1] AndroidManifest.xml:46:13-48:29
120                <action android:name="androidx.profileinstaller.action.SAVE_PROFILE" />
120-->[androidx.profileinstaller:profileinstaller:1.3.1] AndroidManifest.xml:47:17-88
120-->[androidx.profileinstaller:profileinstaller:1.3.1] AndroidManifest.xml:47:25-85
121            </intent-filter>
122            <intent-filter>
122-->[androidx.profileinstaller:profileinstaller:1.3.1] AndroidManifest.xml:49:13-51:29
123                <action android:name="androidx.profileinstaller.action.BENCHMARK_OPERATION" />
123-->[androidx.profileinstaller:profileinstaller:1.3.1] AndroidManifest.xml:50:17-95
123-->[androidx.profileinstaller:profileinstaller:1.3.1] AndroidManifest.xml:50:25-92
124            </intent-filter>
125        </receiver>
126
127        <activity
127-->[com.github.myketstore:myket-billing-client:1.7] AndroidManifest.xml:22:9-25:56
128            android:name="ir.myket.billingclient.util.ProxyBillingActivity"
128-->[com.github.myketstore:myket-billing-client:1.7] AndroidManifest.xml:23:13-76
129            android:exported="true"
129-->[com.github.myketstore:myket-billing-client:1.7] AndroidManifest.xml:24:13-36
130            android:theme="@style/Theme.Transparent" />
130-->[com.github.myketstore:myket-billing-client:1.7] AndroidManifest.xml:25:13-53
131
132        <meta-data
132-->[com.github.myketstore:myket-billing-client:1.7] AndroidManifest.xml:27:9-29:54
133            android:name="market_id"
133-->[com.github.myketstore:myket-billing-client:1.7] AndroidManifest.xml:28:13-37
134            android:value="ir.mservices.market" />
134-->[com.github.myketstore:myket-billing-client:1.7] AndroidManifest.xml:29:13-51
135        <meta-data
135-->[com.github.myketstore:myket-billing-client:1.7] AndroidManifest.xml:30:9-32:52
136            android:name="market_bind_address"
136-->[com.github.myketstore:myket-billing-client:1.7] AndroidManifest.xml:31:13-47
137            android:value="ir.mservices.market.InAppBillingService.BIND" />
137-->[com.github.myketstore:myket-billing-client:1.7] AndroidManifest.xml:32:13-49
138
139        <receiver
139-->[com.github.myketstore:myket-billing-client:1.7] AndroidManifest.xml:34:9-45:20
140            android:name="ir.myket.billingclient.util.IABReceiver"
140-->[com.github.myketstore:myket-billing-client:1.7] AndroidManifest.xml:35:13-67
141            android:exported="true" >
141-->[com.github.myketstore:myket-billing-client:1.7] AndroidManifest.xml:36:13-36
142            <intent-filter>
142-->[com.github.myketstore:myket-billing-client:1.7] AndroidManifest.xml:37:13-44:29
143                <action android:name="ir.mservices.market.ping" />
143-->[com.github.myketstore:myket-billing-client:1.7] AndroidManifest.xml:38:17-70
143-->[com.github.myketstore:myket-billing-client:1.7] AndroidManifest.xml:38:25-67
144                <action android:name="ir.mservices.market.purchase" />
144-->[com.github.myketstore:myket-billing-client:1.7] AndroidManifest.xml:39:17-74
144-->[com.github.myketstore:myket-billing-client:1.7] AndroidManifest.xml:39:25-71
145                <action android:name="ir.mservices.market.getPurchase" />
145-->[com.github.myketstore:myket-billing-client:1.7] AndroidManifest.xml:40:17-77
145-->[com.github.myketstore:myket-billing-client:1.7] AndroidManifest.xml:40:25-74
146                <action android:name="ir.mservices.market.billingSupport" />
146-->[com.github.myketstore:myket-billing-client:1.7] AndroidManifest.xml:41:17-80
146-->[com.github.myketstore:myket-billing-client:1.7] AndroidManifest.xml:41:25-77
147                <action android:name="ir.mservices.market.skuDetail" />
147-->[com.github.myketstore:myket-billing-client:1.7] AndroidManifest.xml:42:17-75
147-->[com.github.myketstore:myket-billing-client:1.7] AndroidManifest.xml:42:25-72
148                <action android:name="ir.mservices.market.consume" />
148-->[com.github.myketstore:myket-billing-client:1.7] AndroidManifest.xml:43:17-73
148-->[com.github.myketstore:myket-billing-client:1.7] AndroidManifest.xml:43:25-70
149            </intent-filter>
150        </receiver>
151    </application>
152
153</manifest>